<?xml version="1.0" encoding="UTF-8"?>
<coverage generated="1755467672596" clover="3.2.0">
  <project timestamp="1755467672596" name="All files">
    <metrics statements="5" coveredstatements="4" conditionals="3" coveredconditionals="1" methods="1" coveredmethods="1" elements="9" coveredelements="6" complexity="0" loc="5" ncloc="5" packages="1" files="1" classes="1"/>
    <file name="hello_world.ts" path="C:\Users\prist\OneDrive\Documentos\lab3_01\src\hello_world.ts">
      <metrics statements="5" coveredstatements="4" conditionals="3" coveredconditionals="1" methods="1" coveredmethods="1"/>
      <line num="1" count="1" type="stmt"/>
      <line num="4" count="1" type="cond" truecount="1" falsecount="1"/>
      <line num="5" count="0" type="stmt"/>
      <line num="7" count="1" type="stmt"/>
      <line num="10" count="1" type="stmt"/>
    </file>
  </project>
</coverage>
