{"C:\\Users\\prist\\OneDrive\\Documentos\\lab3_01\\src\\hello_world.ts": {"path":"C:\\Users\\prist\\OneDrive\\Documentos\\lab3_01\\src\\hello_world.ts","statementMap":{"0":{"start":{"line":1,"column":17},"end":{"line":1,"column":24}},"1":{"start":{"line":4,"column":2},"end":{"line":6,"column":3}},"2":{"start":{"line":5,"column":4},"end":{"line":5,"column":28}},"3":{"start":{"line":7,"column":2},"end":{"line":7,"column":27}},"4":{"start":{"line":10,"column":0},"end":{"line":10,"column":37}}},"fnMap":{"0":{"name":"hello","decl":{"start":{"line":3,"column":9},"end":{"line":3,"column":14}},"loc":{"start":{"line":3,"column":39},"end":{"line":8,"column":1}}}},"branchMap":{"0":{"loc":{"start":{"line":3,"column":15},"end":{"line":3,"column":39}},"type":"default-arg","locations":[{"start":{"line":3,"column":31},"end":{"line":3,"column":39}}]},"1":{"loc":{"start":{"line":4,"column":2},"end":{"line":6,"column":3}},"type":"if","locations":[{"start":{"line":4,"column":2},"end":{"line":6,"column":3}},{"start":{},"end":{}}]}},"s":{"0":1,"1":1,"2":0,"3":1,"4":1},"f":{"0":1},"b":{"0":[0],"1":[0,1]}}
}
